0 info it worked if it ends with ok
1 verbose cli [ 'node', '/usr/local/bin/npm', 'publish' ]
2 info using npm@3.0.0
3 info using node@v0.12.5
4 verbose publish [ '.' ]
5 silly cache add args [ '.', null ]
6 verbose cache add spec .
7 silly cache add parsed spec { raw: '.',
7 silly cache add   scope: null,
7 silly cache add   name: null,
7 silly cache add   rawSpec: '.',
7 silly cache add   spec: '/Users/david/Sites/skeleton_wp_test/wp-content/themes/skeleton_wp_test/src/plugins/Breaks/String2MediaQuery',
7 silly cache add   type: 'directory' }
8 verbose addLocalDirectory /Users/david/.npm/string2mediaquery/1.0.0/package.tgz not in flight; packing
9 info prepublish string2mediaquery@1.0.0
10 verbose unsafe-perm in lifecycle true
11 verbose tar pack [ '/Users/david/.npm/string2mediaquery/1.0.0/package.tgz',
11 verbose tar pack   '/Users/david/Sites/skeleton_wp_test/wp-content/themes/skeleton_wp_test/src/plugins/Breaks/String2MediaQuery' ]
12 verbose tarball /Users/david/.npm/string2mediaquery/1.0.0/package.tgz
13 verbose folder /Users/david/Sites/skeleton_wp_test/wp-content/themes/skeleton_wp_test/src/plugins/Breaks/String2MediaQuery
14 verbose addLocalTarball adding from inside cache /Users/david/.npm/string2mediaquery/1.0.0/package.tgz
15 silly cache afterAdd string2mediaquery@1.0.0
16 verbose afterAdd /Users/david/.npm/string2mediaquery/1.0.0/package/package.json not in flight; writing
17 verbose afterAdd /Users/david/.npm/string2mediaquery/1.0.0/package/package.json written
18 silly publish { name: 'string2mediaquery',
18 silly publish   version: '1.0.0',
18 silly publish   description: 'Parse simple string expression to media query.',
18 silly publish   license: 'MIT',
18 silly publish   repository:
18 silly publish    { type: 'git',
18 silly publish      url: 'git+https://github.com/idflood/String2MediaQuery.git' },
18 silly publish   author:
18 silly publish    { name: 'David Mignot',
18 silly publish      email: 'david@stimul.ch',
18 silly publish      url: 'http://www.stimul.ch' },
18 silly publish   engines: { node: '>=0.10.0' },
18 silly publish   scripts:
18 silly publish    { compile: 'babel src/string2mediaquery.js --modules umd --loose all --out-file lib/string2mediaquery.js',
18 silly publish      prepublish: 'npm run compile && npm run uglify',
18 silly publish      test: 'mocha --compilers js:babel/register',
18 silly publish      uglify: 'uglifyjs lib/string2mediaquery.js -cm > lib/string2mediaquery.min.js' },
18 silly publish   main: 'lib/string2mediaquery.js',
18 silly publish   keywords: [ 'breakpoints', 'css', 'css-mediaquery' ],
18 silly publish   dependencies: {},
18 silly publish   devDependencies: { babel: '^5.8.12', mocha: '*', 'uglify-js': '^2.4.24' },
18 silly publish   readme: '# String2MediaQuery [![Build Status](https://travis-ci.org/idflood/String2MediaQuery.svg?branch=master)](https://travis-ci.org/idflood/String2MediaQuery)\n\n>\n\n\n## Install\n\n```\n$ npm install --save String2MediaQuery\n```\n\n\n## Usage\n\n```js\nvar mq = String2MediaQuery(\'>=mobile\', {mobile: \'320px\'});\n//=> (min-width: 320px)\n\nvar mq = String2MediaQuery(\'>=mobile <1024px\', {mobile: \'320px\'});\n//=> (min-width: 320px) and (max-width: 1023px)\n\n// The result can then be used with window.matchMedia like this.\nif (window.matchMedia(mq).matches) {\n  // ...\n}\n\n```\n\n\n## API\n\n### String2MediaQuery(query, breakpoints)\n\n#### query\n\n*Required*\nType: `string`\n\nThe simplified query as text.\n\n#### breakpoints\n\nType: `object`\nDefault: `{}`\n\nNamed breakpoints can be passed as an object with names and with as string\nwith pixel units. ex: `{mobile: "320px", desktop: "960px"}`\n\nThis is expecially useful if you are importing css breakpoints.\n\n\n## License\n\nMIT © [David Mignot](https://github.com/idflood)\n',
18 silly publish   readmeFilename: 'readme.md',
18 silly publish   gitHead: '34a1c3361bf3a8e02da08bbd3df6615f616015d4',
18 silly publish   bugs: { url: 'https://github.com/idflood/String2MediaQuery/issues' },
18 silly publish   homepage: 'https://github.com/idflood/String2MediaQuery#readme',
18 silly publish   _id: 'string2mediaquery@1.0.0',
18 silly publish   _shasum: '52893e48c23e1a3bab5e2cb3f98bf6ca2b95d03d',
18 silly publish   _from: '.' }
19 verbose getPublishConfig undefined
20 silly mapToRegistry name string2mediaquery
21 silly mapToRegistry using default registry
22 silly mapToRegistry registry https://registry.npmjs.org/
23 silly mapToRegistry uri https://registry.npmjs.org/string2mediaquery
24 verbose publish registryBase https://registry.npmjs.org/
25 silly publish uploading /Users/david/.npm/string2mediaquery/1.0.0/package.tgz
26 verbose request uri https://registry.npmjs.org/string2mediaquery
27 verbose request sending authorization for write operation
28 info attempt registry request try #1 at 13:12:46
29 verbose request using bearer token for auth
30 verbose request id 940f05ccd3bc5bb0
31 http request PUT https://registry.npmjs.org/string2mediaquery
32 http 403 https://registry.npmjs.org/string2mediaquery
33 verbose headers { 'content-type': 'application/json',
33 verbose headers   'cache-control': 'max-age=60',
33 verbose headers   'content-length': '95',
33 verbose headers   'accept-ranges': 'bytes',
33 verbose headers   date: 'Wed, 29 Jul 2015 11:12:47 GMT',
33 verbose headers   via: '1.1 varnish',
33 verbose headers   connection: 'keep-alive',
33 verbose headers   'x-served-by': 'cache-fra1246-FRA',
33 verbose headers   'x-cache': 'MISS',
33 verbose headers   'x-cache-hits': '0',
33 verbose headers   'x-timer': 'S1438168366.924399,VS0,VE995' }
34 verbose request invalidating /Users/david/.npm/registry.npmjs.org/string2mediaquery on PUT
35 error publish Failed PUT 403
36 verbose stack Error: "You cannot publish over the previously published version 1.0.0." : string2mediaquery
36 verbose stack     at CachingRegistryClient.<anonymous> (/usr/local/lib/node_modules/npm/node_modules/npm-registry-client/lib/request.js:247:14)
36 verbose stack     at Request._callback (/usr/local/lib/node_modules/npm/node_modules/npm-registry-client/lib/request.js:170:14)
36 verbose stack     at Request.self.callback (/usr/local/lib/node_modules/npm/node_modules/request/request.js:197:22)
36 verbose stack     at Request.emit (events.js:110:17)
36 verbose stack     at Request.<anonymous> (/usr/local/lib/node_modules/npm/node_modules/request/request.js:1050:14)
36 verbose stack     at Request.emit (events.js:129:20)
36 verbose stack     at IncomingMessage.<anonymous> (/usr/local/lib/node_modules/npm/node_modules/request/request.js:996:12)
36 verbose stack     at IncomingMessage.emit (events.js:129:20)
36 verbose stack     at _stream_readable.js:908:16
36 verbose stack     at process._tickCallback (node.js:355:11)
37 verbose statusCode 403
38 verbose pkgid string2mediaquery
39 verbose cwd /Users/david/Sites/skeleton_wp_test/wp-content/themes/skeleton_wp_test/src/plugins/Breaks/String2MediaQuery
40 error Darwin 14.4.0
41 error argv "node" "/usr/local/bin/npm" "publish"
42 error node v0.12.5
43 error npm  v3.0.0
44 error code E403
45 error "You cannot publish over the previously published version 1.0.0." : string2mediaquery
46 error If you need help, you may report this error at:
46 error     <https://github.com/npm/npm/issues>
47 verbose exit [ 1, true ]
